[1.338s] Invoking command in '/home/alamino/ros2_ws/src/visionPiRos2': PYTHONPATH=/home/alamino/ros2_ws/build/visionPiRos2/prefix_override:/usr/lib/python3/dist-packages/colcon_core/task/python/colcon_distutils_commands:/home/alamino/ros2_ws/install/visionPiRos2/lib/python3.10/site-packages:${PYTHONPATH} /usr/bin/python3 -W ignore:setup.py install is deprecated -W ignore:easy_install command is deprecated setup.py egg_info --egg-base ../../build/visionPiRos2 build --build-base /home/alamino/ros2_ws/build/visionPiRos2/build install --record /home/alamino/ros2_ws/build/visionPiRos2/install.log --single-version-externally-managed install_data
[1.888s] running egg_info
[1.889s] creating ../../build/visionPiRos2/visionPiRos2.egg-info
[1.911s] writing ../../build/visionPiRos2/visionPiRos2.egg-info/PKG-INFO
[1.911s] writing dependency_links to ../../build/visionPiRos2/visionPiRos2.egg-info/dependency_links.txt
[1.911s] writing entry points to ../../build/visionPiRos2/visionPiRos2.egg-info/entry_points.txt
[1.912s] writing requirements to ../../build/visionPiRos2/visionPiRos2.egg-info/requires.txt
[1.912s] writing top-level names to ../../build/visionPiRos2/visionPiRos2.egg-info/top_level.txt
[1.912s] writing manifest file '../../build/visionPiRos2/visionPiRos2.egg-info/SOURCES.txt'
[1.960s] reading manifest file '../../build/visionPiRos2/visionPiRos2.egg-info/SOURCES.txt'
[1.961s] writing manifest file '../../build/visionPiRos2/visionPiRos2.egg-info/SOURCES.txt'
[1.961s] running build
[1.961s] running build_py
[1.962s] creating /home/alamino/ros2_ws/build/visionPiRos2/build
[1.962s] creating /home/alamino/ros2_ws/build/visionPiRos2/build/lib
[1.962s] creating /home/alamino/ros2_ws/build/visionPiRos2/build/lib/visionPiRos2
[1.962s] copying visionPiRos2/__init__.py -> /home/alamino/ros2_ws/build/visionPiRos2/build/lib/visionPiRos2
[1.962s] copying visionPiRos2/object_detection_node.py -> /home/alamino/ros2_ws/build/visionPiRos2/build/lib/visionPiRos2
[1.962s] copying visionPiRos2/gui.py -> /home/alamino/ros2_ws/build/visionPiRos2/build/lib/visionPiRos2
[1.962s] running install
[1.971s] running install_lib
[1.995s] creating /home/alamino/ros2_ws/install/visionPiRos2/lib/python3.10/site-packages/visionPiRos2
[1.996s] copying /home/alamino/ros2_ws/build/visionPiRos2/build/lib/visionPiRos2/__init__.py -> /home/alamino/ros2_ws/install/visionPiRos2/lib/python3.10/site-packages/visionPiRos2
[1.996s] copying /home/alamino/ros2_ws/build/visionPiRos2/build/lib/visionPiRos2/object_detection_node.py -> /home/alamino/ros2_ws/install/visionPiRos2/lib/python3.10/site-packages/visionPiRos2
[1.996s] copying /home/alamino/ros2_ws/build/visionPiRos2/build/lib/visionPiRos2/gui.py -> /home/alamino/ros2_ws/install/visionPiRos2/lib/python3.10/site-packages/visionPiRos2
[1.996s] byte-compiling /home/alamino/ros2_ws/install/visionPiRos2/lib/python3.10/site-packages/visionPiRos2/__init__.py to __init__.cpython-310.pyc
[1.997s] byte-compiling /home/alamino/ros2_ws/install/visionPiRos2/lib/python3.10/site-packages/visionPiRos2/object_detection_node.py to object_detection_node.cpython-310.pyc
[1.997s] byte-compiling /home/alamino/ros2_ws/install/visionPiRos2/lib/python3.10/site-packages/visionPiRos2/gui.py to gui.cpython-310.pyc
[1.999s] running install_data
[1.999s] copying package.xml -> /home/alamino/ros2_ws/install/visionPiRos2/share/visionPiRos2
[1.999s] creating /home/alamino/ros2_ws/install/visionPiRos2/share/visionPiRos2/launch
[2.000s] copying launch/vision_launch.py -> /home/alamino/ros2_ws/install/visionPiRos2/share/visionPiRos2/launch
[2.000s] running install_egg_info
[2.027s] Copying ../../build/visionPiRos2/visionPiRos2.egg-info to /home/alamino/ros2_ws/install/visionPiRos2/lib/python3.10/site-packages/visionPiRos2-0.0.1-py3.10.egg-info
[2.028s] running install_scripts
[2.120s] Installing gui script to /home/alamino/ros2_ws/install/visionPiRos2/lib/visionPiRos2
[2.121s] Installing object_detection_node script to /home/alamino/ros2_ws/install/visionPiRos2/lib/visionPiRos2
[2.121s] writing list of installed files to '/home/alamino/ros2_ws/build/visionPiRos2/install.log'
[2.166s] Invoked command in '/home/alamino/ros2_ws/src/visionPiRos2' returned '0': PYTHONPATH=/home/alamino/ros2_ws/build/visionPiRos2/prefix_override:/usr/lib/python3/dist-packages/colcon_core/task/python/colcon_distutils_commands:/home/alamino/ros2_ws/install/visionPiRos2/lib/python3.10/site-packages:${PYTHONPATH} /usr/bin/python3 -W ignore:setup.py install is deprecated -W ignore:easy_install command is deprecated setup.py egg_info --egg-base ../../build/visionPiRos2 build --build-base /home/alamino/ros2_ws/build/visionPiRos2/build install --record /home/alamino/ros2_ws/build/visionPiRos2/install.log --single-version-externally-managed install_data
